-------------------------------------------------------------------------------
Test set: com.niit.skillsmapper.EmployeeMocroservice.EmployeeMocroserviceApplicationTests
-------------------------------------------------------------------------------
Tests run: 1, Failures: 0, Errors: 1, Skipped: 0, Time elapsed: 0.609 s <<< FAILURE! - in com.niit.skillsmapper.EmployeeMocroservice.EmployeeMocroserviceApplicationTests
initializationError(com.niit.skillsmapper.EmployeeMocroservice.EmployeeMocroserviceApplicationTests)  Time elapsed: 0 s  <<< ERROR!
java.lang.IllegalStateException: Unable to find a @SpringBootConfiguration, you need to use @ContextConfiguration or @SpringBootTest(classes=...) with your test

